Performing C SOURCE FILE Test CMAKE_HAVE_LIBC_PTHREAD failed with the following output:
Change Dir: /home/ninn/jnidemo/interface/lib/CMakeFiles/CMakeTmp

Run Build Command(s):/usr/bin/make cmTC_da655/fast && /usr/bin/make -f CMakeFiles/cmTC_da655.dir/build.make CMakeFiles/cmTC_da655.dir/build
make[1]: Entering directory '/home/ninn/jnidemo/interface/lib/CMakeFiles/CMakeTmp'
Building C object CMakeFiles/cmTC_da655.dir/src.c.o
/usr/bin/cc   -fPIC -DCMAKE_HAVE_LIBC_PTHREAD   -o CMakeFiles/cmTC_da655.dir/src.c.o   -c /home/ninn/jnidemo/interface/lib/CMakeFiles/CMakeTmp/src.c
Linking C executable cmTC_da655
/opt/cmake-3.15.4-Linux-x86_64/bin/cmake -E cmake_link_script CMakeFiles/cmTC_da655.dir/link.txt --verbose=1
/usr/bin/cc -fPIC -DCMAKE_HAVE_LIBC_PTHREAD    CMakeFiles/cmTC_da655.dir/src.c.o  -o cmTC_da655 
CMakeFiles/cmTC_da655.dir/src.c.o：在函数‘main’中：
src.c:(.text+0x3e)：对‘pthread_create’未定义的引用
src.c:(.text+0x4a)：对‘pthread_detach’未定义的引用
src.c:(.text+0x5b)：对‘pthread_join’未定义的引用
src.c:(.text+0x6f)：对‘pthread_atfork’未定义的引用
collect2: error: ld returned 1 exit status
CMakeFiles/cmTC_da655.dir/build.make:86: recipe for target 'cmTC_da655' failed
make[1]: *** [cmTC_da655] Error 1
make[1]: Leaving directory '/home/ninn/jnidemo/interface/lib/CMakeFiles/CMakeTmp'
Makefile:121: recipe for target 'cmTC_da655/fast' failed
make: *** [cmTC_da655/fast] Error 2


Source file was:
#include <pthread.h>

void* test_func(void* data)
{
  return data;
}

int main(void)
{
  pthread_t thread;
  pthread_create(&thread, NULL, test_func, NULL);
  pthread_detach(thread);
  pthread_join(thread, NULL);
  pthread_atfork(NULL, NULL, NULL);
  pthread_exit(NULL);

  return 0;
}

Determining if the function pthread_create exists in the pthreads failed with the following output:
Change Dir: /home/ninn/jnidemo/interface/lib/CMakeFiles/CMakeTmp

Run Build Command(s):/usr/bin/make cmTC_1986f/fast && /usr/bin/make -f CMakeFiles/cmTC_1986f.dir/build.make CMakeFiles/cmTC_1986f.dir/build
make[1]: Entering directory '/home/ninn/jnidemo/interface/lib/CMakeFiles/CMakeTmp'
Building C object CMakeFiles/cmTC_1986f.dir/CheckFunctionExists.c.o
/usr/bin/cc   -fPIC -DCHECK_FUNCTION_EXISTS=pthread_create   -o CMakeFiles/cmTC_1986f.dir/CheckFunctionExists.c.o   -c /opt/cmake-3.15.4-Linux-x86_64/share/cmake-3.15/Modules/CheckFunctionExists.c
Linking C executable cmTC_1986f
/opt/cmake-3.15.4-Linux-x86_64/bin/cmake -E cmake_link_script CMakeFiles/cmTC_1986f.dir/link.txt --verbose=1
/usr/bin/cc -fPIC -DCHECK_FUNCTION_EXISTS=pthread_create    CMakeFiles/cmTC_1986f.dir/CheckFunctionExists.c.o  -o cmTC_1986f -lpthreads 
/usr/bin/ld: 找不到 -lpthreads
collect2: error: ld returned 1 exit status
CMakeFiles/cmTC_1986f.dir/build.make:86: recipe for target 'cmTC_1986f' failed
make[1]: *** [cmTC_1986f] Error 1
make[1]: Leaving directory '/home/ninn/jnidemo/interface/lib/CMakeFiles/CMakeTmp'
Makefile:121: recipe for target 'cmTC_1986f/fast' failed
make: *** [cmTC_1986f/fast] Error 2



