Performing C SOURCE FILE Test CMAKE_HAVE_LIBC_PTHREAD failed with the following output:
Change Dir: /home/ninn/jnidemo/interface/target/CMakeFiles/CMakeTmp

Run Build Command(s):/usr/bin/make cmTC_f2a7f/fast && /usr/bin/make -f CMakeFiles/cmTC_f2a7f.dir/build.make CMakeFiles/cmTC_f2a7f.dir/build
make[1]: Entering directory '/home/ninn/jnidemo/interface/target/CMakeFiles/CMakeTmp'
Building C object CMakeFiles/cmTC_f2a7f.dir/src.c.o
/usr/bin/cc   -fPIC -DCMAKE_HAVE_LIBC_PTHREAD   -o CMakeFiles/cmTC_f2a7f.dir/src.c.o   -c /home/ninn/jnidemo/interface/target/CMakeFiles/CMakeTmp/src.c
Linking C executable cmTC_f2a7f
/opt/cmake-3.15.4-Linux-x86_64/bin/cmake -E cmake_link_script CMakeFiles/cmTC_f2a7f.dir/link.txt --verbose=1
/usr/bin/cc -fPIC -DCMAKE_HAVE_LIBC_PTHREAD    CMakeFiles/cmTC_f2a7f.dir/src.c.o  -o cmTC_f2a7f 
CMakeFiles/cmTC_f2a7f.dir/src.c.o：在函数‘main’中：
src.c:(.text+0x3e)：对‘pthread_create’未定义的引用
src.c:(.text+0x4a)：对‘pthread_detach’未定义的引用
src.c:(.text+0x5b)：对‘pthread_join’未定义的引用
src.c:(.text+0x6f)：对‘pthread_atfork’未定义的引用
collect2: error: ld returned 1 exit status
CMakeFiles/cmTC_f2a7f.dir/build.make:86: recipe for target 'cmTC_f2a7f' failed
make[1]: *** [cmTC_f2a7f] Error 1
make[1]: Leaving directory '/home/ninn/jnidemo/interface/target/CMakeFiles/CMakeTmp'
Makefile:121: recipe for target 'cmTC_f2a7f/fast' failed
make: *** [cmTC_f2a7f/fast] Error 2


Source file was:
#include <pthread.h>

void* test_func(void* data)
{
  return data;
}

int main(void)
{
  pthread_t thread;
  pthread_create(&thread, NULL, test_func, NULL);
  pthread_detach(thread);
  pthread_join(thread, NULL);
  pthread_atfork(NULL, NULL, NULL);
  pthread_exit(NULL);

  return 0;
}

Determining if the function pthread_create exists in the pthreads failed with the following output:
Change Dir: /home/ninn/jnidemo/interface/target/CMakeFiles/CMakeTmp

Run Build Command(s):/usr/bin/make cmTC_d6696/fast && /usr/bin/make -f CMakeFiles/cmTC_d6696.dir/build.make CMakeFiles/cmTC_d6696.dir/build
make[1]: Entering directory '/home/ninn/jnidemo/interface/target/CMakeFiles/CMakeTmp'
Building C object CMakeFiles/cmTC_d6696.dir/CheckFunctionExists.c.o
/usr/bin/cc   -fPIC -DCHECK_FUNCTION_EXISTS=pthread_create   -o CMakeFiles/cmTC_d6696.dir/CheckFunctionExists.c.o   -c /opt/cmake-3.15.4-Linux-x86_64/share/cmake-3.15/Modules/CheckFunctionExists.c
Linking C executable cmTC_d6696
/opt/cmake-3.15.4-Linux-x86_64/bin/cmake -E cmake_link_script CMakeFiles/cmTC_d6696.dir/link.txt --verbose=1
/usr/bin/cc -fPIC -DCHECK_FUNCTION_EXISTS=pthread_create    CMakeFiles/cmTC_d6696.dir/CheckFunctionExists.c.o  -o cmTC_d6696 -lpthreads 
/usr/bin/ld: 找不到 -lpthreads
collect2: error: ld returned 1 exit status
CMakeFiles/cmTC_d6696.dir/build.make:86: recipe for target 'cmTC_d6696' failed
make[1]: *** [cmTC_d6696] Error 1
make[1]: Leaving directory '/home/ninn/jnidemo/interface/target/CMakeFiles/CMakeTmp'
Makefile:121: recipe for target 'cmTC_d6696/fast' failed
make: *** [cmTC_d6696/fast] Error 2



Performing C SOURCE FILE Test CMAKE_HAVE_LIBC_PTHREAD failed with the following output:
Change Dir: /home/ninn/jnidemo/interface/target/CMakeFiles/CMakeTmp

Run Build Command(s):/usr/bin/make cmTC_d1976/fast && /usr/bin/make -f CMakeFiles/cmTC_d1976.dir/build.make CMakeFiles/cmTC_d1976.dir/build
make[1]: Entering directory '/home/ninn/jnidemo/interface/target/CMakeFiles/CMakeTmp'
Building C object CMakeFiles/cmTC_d1976.dir/src.c.o
/usr/bin/cc   -fPIC -DCMAKE_HAVE_LIBC_PTHREAD   -o CMakeFiles/cmTC_d1976.dir/src.c.o   -c /home/ninn/jnidemo/interface/target/CMakeFiles/CMakeTmp/src.c
Linking C executable cmTC_d1976
/opt/cmake-3.15.4-Linux-x86_64/bin/cmake -E cmake_link_script CMakeFiles/cmTC_d1976.dir/link.txt --verbose=1
/usr/bin/cc -fPIC -DCMAKE_HAVE_LIBC_PTHREAD    CMakeFiles/cmTC_d1976.dir/src.c.o  -o cmTC_d1976 
CMakeFiles/cmTC_d1976.dir/src.c.o：在函数‘main’中：
src.c:(.text+0x3e)：对‘pthread_create’未定义的引用
src.c:(.text+0x4a)：对‘pthread_detach’未定义的引用
src.c:(.text+0x5b)：对‘pthread_join’未定义的引用
src.c:(.text+0x6f)：对‘pthread_atfork’未定义的引用
collect2: error: ld returned 1 exit status
CMakeFiles/cmTC_d1976.dir/build.make:86: recipe for target 'cmTC_d1976' failed
make[1]: *** [cmTC_d1976] Error 1
make[1]: Leaving directory '/home/ninn/jnidemo/interface/target/CMakeFiles/CMakeTmp'
Makefile:121: recipe for target 'cmTC_d1976/fast' failed
make: *** [cmTC_d1976/fast] Error 2


Source file was:
#include <pthread.h>

void* test_func(void* data)
{
  return data;
}

int main(void)
{
  pthread_t thread;
  pthread_create(&thread, NULL, test_func, NULL);
  pthread_detach(thread);
  pthread_join(thread, NULL);
  pthread_atfork(NULL, NULL, NULL);
  pthread_exit(NULL);

  return 0;
}

Determining if the function pthread_create exists in the pthreads failed with the following output:
Change Dir: /home/ninn/jnidemo/interface/target/CMakeFiles/CMakeTmp

Run Build Command(s):/usr/bin/make cmTC_0f694/fast && /usr/bin/make -f CMakeFiles/cmTC_0f694.dir/build.make CMakeFiles/cmTC_0f694.dir/build
make[1]: Entering directory '/home/ninn/jnidemo/interface/target/CMakeFiles/CMakeTmp'
Building C object CMakeFiles/cmTC_0f694.dir/CheckFunctionExists.c.o
/usr/bin/cc   -fPIC -DCHECK_FUNCTION_EXISTS=pthread_create   -o CMakeFiles/cmTC_0f694.dir/CheckFunctionExists.c.o   -c /opt/cmake-3.15.4-Linux-x86_64/share/cmake-3.15/Modules/CheckFunctionExists.c
Linking C executable cmTC_0f694
/opt/cmake-3.15.4-Linux-x86_64/bin/cmake -E cmake_link_script CMakeFiles/cmTC_0f694.dir/link.txt --verbose=1
/usr/bin/cc -fPIC -DCHECK_FUNCTION_EXISTS=pthread_create    CMakeFiles/cmTC_0f694.dir/CheckFunctionExists.c.o  -o cmTC_0f694 -lpthreads 
/usr/bin/ld: 找不到 -lpthreads
collect2: error: ld returned 1 exit status
CMakeFiles/cmTC_0f694.dir/build.make:86: recipe for target 'cmTC_0f694' failed
make[1]: *** [cmTC_0f694] Error 1
make[1]: Leaving directory '/home/ninn/jnidemo/interface/target/CMakeFiles/CMakeTmp'
Makefile:121: recipe for target 'cmTC_0f694/fast' failed
make: *** [cmTC_0f694/fast] Error 2



Performing C SOURCE FILE Test CMAKE_HAVE_LIBC_PTHREAD failed with the following output:
Change Dir: /home/ninn/jnidemo/interface/target/CMakeFiles/CMakeTmp

Run Build Command(s):/usr/bin/make cmTC_5ecc1/fast && /usr/bin/make -f CMakeFiles/cmTC_5ecc1.dir/build.make CMakeFiles/cmTC_5ecc1.dir/build
make[1]: Entering directory '/home/ninn/jnidemo/interface/target/CMakeFiles/CMakeTmp'
Building C object CMakeFiles/cmTC_5ecc1.dir/src.c.o
/usr/bin/cc   -fPIC -DCMAKE_HAVE_LIBC_PTHREAD   -o CMakeFiles/cmTC_5ecc1.dir/src.c.o   -c /home/ninn/jnidemo/interface/target/CMakeFiles/CMakeTmp/src.c
Linking C executable cmTC_5ecc1
/opt/cmake-3.15.4-Linux-x86_64/bin/cmake -E cmake_link_script CMakeFiles/cmTC_5ecc1.dir/link.txt --verbose=1
/usr/bin/cc -fPIC -DCMAKE_HAVE_LIBC_PTHREAD    CMakeFiles/cmTC_5ecc1.dir/src.c.o  -o cmTC_5ecc1 
CMakeFiles/cmTC_5ecc1.dir/src.c.o：在函数‘main’中：
src.c:(.text+0x3e)：对‘pthread_create’未定义的引用
src.c:(.text+0x4a)：对‘pthread_detach’未定义的引用
src.c:(.text+0x5b)：对‘pthread_join’未定义的引用
src.c:(.text+0x6f)：对‘pthread_atfork’未定义的引用
collect2: error: ld returned 1 exit status
CMakeFiles/cmTC_5ecc1.dir/build.make:86: recipe for target 'cmTC_5ecc1' failed
make[1]: *** [cmTC_5ecc1] Error 1
make[1]: Leaving directory '/home/ninn/jnidemo/interface/target/CMakeFiles/CMakeTmp'
Makefile:121: recipe for target 'cmTC_5ecc1/fast' failed
make: *** [cmTC_5ecc1/fast] Error 2


Source file was:
#include <pthread.h>

void* test_func(void* data)
{
  return data;
}

int main(void)
{
  pthread_t thread;
  pthread_create(&thread, NULL, test_func, NULL);
  pthread_detach(thread);
  pthread_join(thread, NULL);
  pthread_atfork(NULL, NULL, NULL);
  pthread_exit(NULL);

  return 0;
}

Determining if the function pthread_create exists in the pthreads failed with the following output:
Change Dir: /home/ninn/jnidemo/interface/target/CMakeFiles/CMakeTmp

Run Build Command(s):/usr/bin/make cmTC_63c77/fast && /usr/bin/make -f CMakeFiles/cmTC_63c77.dir/build.make CMakeFiles/cmTC_63c77.dir/build
make[1]: Entering directory '/home/ninn/jnidemo/interface/target/CMakeFiles/CMakeTmp'
Building C object CMakeFiles/cmTC_63c77.dir/CheckFunctionExists.c.o
/usr/bin/cc   -fPIC -DCHECK_FUNCTION_EXISTS=pthread_create   -o CMakeFiles/cmTC_63c77.dir/CheckFunctionExists.c.o   -c /opt/cmake-3.15.4-Linux-x86_64/share/cmake-3.15/Modules/CheckFunctionExists.c
Linking C executable cmTC_63c77
/opt/cmake-3.15.4-Linux-x86_64/bin/cmake -E cmake_link_script CMakeFiles/cmTC_63c77.dir/link.txt --verbose=1
/usr/bin/cc -fPIC -DCHECK_FUNCTION_EXISTS=pthread_create    CMakeFiles/cmTC_63c77.dir/CheckFunctionExists.c.o  -o cmTC_63c77 -lpthreads 
/usr/bin/ld: 找不到 -lpthreads
collect2: error: ld returned 1 exit status
CMakeFiles/cmTC_63c77.dir/build.make:86: recipe for target 'cmTC_63c77' failed
make[1]: *** [cmTC_63c77] Error 1
make[1]: Leaving directory '/home/ninn/jnidemo/interface/target/CMakeFiles/CMakeTmp'
Makefile:121: recipe for target 'cmTC_63c77/fast' failed
make: *** [cmTC_63c77/fast] Error 2



